d:\playtest\opengl\opengl\debug\vc140.pdb
d:\playtest\opengl\opengl\debug\vc140.idb
d:\playtest\opengl\opengl\debug\bullet.obj
d:\playtest\opengl\opengl\debug\camera.obj
d:\playtest\opengl\opengl\debug\coral.obj
d:\playtest\opengl\opengl\debug\environmentobject.obj
d:\playtest\opengl\opengl\debug\fsm.obj
d:\playtest\opengl\opengl\debug\game.obj
d:\playtest\opengl\opengl\debug\main.obj
d:\playtest\opengl\opengl\debug\mesh.obj
d:\playtest\opengl\opengl\debug\model.obj
d:\playtest\opengl\opengl\debug\normalenemy.obj
d:\playtest\opengl\opengl\debug\particlesystem.obj
d:\playtest\opengl\opengl\debug\resourcemanager.obj
d:\playtest\opengl\opengl\debug\shader.obj
d:\playtest\opengl\opengl\debug\tinystr.obj
d:\playtest\opengl\opengl\debug\tinyxml.obj
d:\playtest\opengl\opengl\debug\tinyxml2.obj
d:\playtest\opengl\opengl\debug\tinyxmlerror.obj
d:\playtest\opengl\opengl\debug\tinyxmlparser.obj
d:\playtest\opengl\opengl\debug\spherecollider.obj
d:\playtest\opengl\opengl\debug\texture2d.obj
d:\playtest\opengl\opengl\debug\actorfactory.obj
d:\playtest\opengl\debug\opengl.pdb
d:\playtest\opengl\opengl\debug\opengl.tlog\cl.command.1.tlog
d:\playtest\opengl\opengl\debug\opengl.tlog\cl.read.1.tlog
d:\playtest\opengl\opengl\debug\opengl.tlog\cl.write.1.tlog
d:\playtest\opengl\opengl\debug\opengl.tlog\link-cvtres.read.1.tlog
d:\playtest\opengl\opengl\debug\opengl.tlog\link-cvtres.write.1.tlog
d:\playtest\opengl\opengl\debug\opengl.tlog\link-rc.read.1.tlog
d:\playtest\opengl\opengl\debug\opengl.tlog\link-rc.write.1.tlog
d:\playtest\opengl\opengl\debug\opengl.tlog\link.command.1.tlog
d:\playtest\opengl\opengl\debug\opengl.tlog\link.read.1.tlog
d:\playtest\opengl\opengl\debug\opengl.tlog\link.write.1.tlog
