d:\capstone\opengl\debug\vc140.pdb
d:\capstone\opengl\debug\vc140.idb
d:\capstone\opengl\debug\actorfactory.obj
d:\capstone\opengl\debug\bullets.obj
d:\capstone\opengl\debug\camera.obj
d:\capstone\opengl\debug\environmentobject.obj
d:\capstone\opengl\debug\fsm.obj
d:\capstone\opengl\debug\main.obj
d:\capstone\opengl\debug\mesh.obj
d:\capstone\opengl\debug\model.obj
d:\capstone\opengl\debug\normalenemy.obj
d:\capstone\opengl\debug\physics.obj
d:\capstone\opengl\debug\shader.obj
d:\capstone\opengl\debug\skybox.obj
d:\capstone\opengl\debug\tinystr.obj
d:\capstone\opengl\debug\tinyxml.obj
d:\capstone\opengl\debug\tinyxml2.obj
d:\capstone\opengl\debug\tinyxmlerror.obj
d:\capstone\opengl\debug\tinyxmlparser.obj
d:\capstone\debug\opengl.ilk
d:\capstone\debug\opengl.exe
d:\capstone\debug\opengl.pdb
d:\capstone\opengl\debug\fpscamera.obj
d:\capstone\opengl\debug\gamecodestd.obj
d:\capstone\opengl\debug\memorypool.obj
d:\capstone\opengl\debug\process.obj
d:\capstone\opengl\debug\processmanager.obj
d:\capstone\opengl\debug\resource.obj
d:\capstone\opengl\debug\resourcemanager.obj
d:\capstone\opengl\debug\source.obj
d:\capstone\opengl\debug\string.obj
d:\capstone\opengl\debug\xmlresourceloader.obj
d:\capstone\opengl\debug\xmltest.obj
d:\capstone\opengl\debug\opengl.tlog\cl.command.1.tlog
d:\capstone\opengl\debug\opengl.tlog\cl.read.1.tlog
d:\capstone\opengl\debug\opengl.tlog\cl.write.1.tlog
d:\capstone\opengl\debug\opengl.tlog\link.command.1.tlog
d:\capstone\opengl\debug\opengl.tlog\link.read.1.tlog
d:\capstone\opengl\debug\opengl.tlog\link.write.1.tlog
